<?xml version="1.0" encoding="UTF-8"?>
<!-- Generated by org.testng.reporters.JUnitReportReporter -->
<testsuite hostname="Yasmin" failures="0" tests="5" name="login.Login" time="47.086" errors="0" timestamp="2023-10-30T17:21:16 EDT" skipped="0">
  <testcase classname="login.Login" name="CheckRememberMe" time="18.226"/>
  <testcase classname="login.Login" name="LoginErrorMessage" time="6.499"/>
  <testcase classname="login.Login" name="ForgotPasswordandUsername" time="4.706"/>
  <testcase classname="login.Login" name="LoginToSalesforce" time="11.967"/>
  <testcase classname="login.Login" name="Forgotpassword" time="5.688"/>
</testsuite> <!-- login.Login -->
