<?xml version="1.0" encoding="UTF-8"?>
<!-- Generated by org.testng.reporters.JUnitReportReporter -->
<testsuite hostname="Yasmin" failures="0" tests="1" name="contacts.Contacts" time="35.531" errors="0" timestamp="2023-11-04T20:34:57 EDT" skipped="0">
  <testcase classname="contacts.Contacts" name="ChecktheSaveandNewbuttonworksinNewContactpage" time="35.531"/>
</testsuite> <!-- contacts.Contacts -->
