<?xml version="1.0" encoding="UTF-8"?>
<!-- Generated by org.testng.reporters.JUnitReportReporter -->
<testsuite hostname="Yasmin" failures="0" tests="1" name="userMenuDropdown.UserMenuDropdown" time="36.702" errors="0" timestamp="2023-11-02T11:24:24 EDT" skipped="0">
  <testcase classname="userMenuDropdown.UserMenuDropdown" name="SelectMySettings" time="36.702"/>
</testsuite> <!-- userMenuDropdown.UserMenuDropdown -->
